<?xml version="1.0" encoding="UTF-8"?>
<!-- Generated by org.testng.reporters.JUnitXMLReporter -->
<testsuite ignored="4" hostname="DDC5-L-1339X3L" failures="0" tests="1" name="Default test" time="13.002" errors="0" timestamp="2024-12-09T09:52:42 IST">
  <testcase classname="StepDefinitions.AAfeature" name="user_navigates_to_re_application_url" time="12.898"/>
  <testcase classname="StepDefinitions.AAfeature" name="browser_is_opened" time="0.0">
    <ignored/>
  </testcase> <!-- browser_is_opened -->
  <testcase classname="StepDefinitions.AAfeature" name="user_lands_to_segment_screen" time="0.0">
    <ignored/>
  </testcase> <!-- user_lands_to_segment_screen -->
  <testcase classname="StepDefinitions.AAfeature" name="searches_for_aa_component" time="0.0">
    <ignored/>
  </testcase> <!-- searches_for_aa_component -->
  <testcase classname="StepDefinitions.AAfeature" name="after_navigates_to_audience_screen" time="0.0">
    <ignored/>
  </testcase> <!-- after_navigates_to_audience_screen -->
</testsuite> <!-- Default test -->
