<?xml version="1.0" encoding="UTF-8"?>
<testng-results ignored="0" total="1" passed="1" failed="0" skipped="0">
  <reporter-output>
  </reporter-output>
  <suite started-at="2024-12-09T09:52:29 IST" name="Default suite" finished-at="2024-12-09T09:52:42 IST" duration-ms="13002">
    <groups>
    </groups>
    <test started-at="2024-12-09T09:52:29 IST" name="Default test" finished-at="2024-12-09T09:52:42 IST" duration-ms="13002">
      <class name="StepDefinitions.AAfeature">
        <test-method signature="user_navigates_to_re_application_url()[pri:0, instance:StepDefinitions.AAfeature@56aaaecd]" started-at="2024-12-09T09:52:30 IST" name="user_navigates_to_re_application_url" finished-at="2024-12-09T09:52:42 IST" duration-ms="12898" status="PASS">
          <reporter-output>
          </reporter-output>
        </test-method> <!-- user_navigates_to_re_application_url -->
      </class> <!-- StepDefinitions.AAfeature -->
    </test> <!-- Default test -->
  </suite> <!-- Default suite -->
</testng-results>
